<?xml version="1.0" encoding="UTF-8"?>
<!-- Generated by org.testng.reporters.JUnitReportReporter -->
<testsuite hostname="DESKTOP-8HNL9IM" failures="0" tests="10" name="secxndary_framework.test.OzByTest" time="6.079" errors="0" timestamp="07 янв. 2023 18:09:52 GMT" skipped="9">
  <testcase classname="secxndary_framework.test.OzByTest" name="LogoutButton_ShouldLogOutFromAccount_WhenClicked" time="6.079"/>
  <testcase classname="secxndary_framework.test.OzByTest" name="OrderCall_ShouldReturnError_WhenUserName_IsLongerThan100Symbols">
    <skipped/>
  </testcase> <!-- OrderCall_ShouldReturnError_WhenUserName_IsLongerThan100Symbols -->
  <testcase classname="secxndary_framework.test.OzByTest" name="AddressAdding_ShouldReturnError_WhenAddressIsNonExistent">
    <skipped/>
  </testcase> <!-- AddressAdding_ShouldReturnError_WhenAddressIsNonExistent -->
  <testcase classname="secxndary_framework.test.OzByTest" name="TextFeedbackForm_ShouldReturnError_WhenMessage_IsLongerThan100Symbols">
    <skipped/>
  </testcase> <!-- TextFeedbackForm_ShouldReturnError_WhenMessage_IsLongerThan100Symbols -->
  <testcase classname="secxndary_framework.test.OzByTest" name="CourierDelivery_ShouldShowAddressInput">
    <skipped/>
  </testcase> <!-- CourierDelivery_ShouldShowAddressInput -->
  <testcase classname="secxndary_framework.test.OzByTest" name="OrderGiftCards_TotalPrice_ShouldBeLess_Then1000BYN_WIthAllTypesOfGiftCards">
    <skipped/>
  </testcase> <!-- OrderGiftCards_TotalPrice_ShouldBeLess_Then1000BYN_WIthAllTypesOfGiftCards -->
  <testcase classname="secxndary_framework.test.OzByTest" name="SearchPage_ShouldShowSearchResults">
    <skipped/>
  </testcase> <!-- SearchPage_ShouldShowSearchResults -->
  <testcase classname="secxndary_framework.test.OzByTest" name="LeaveComment_ShouldReturnError_WhenTheCommentTextLength_IsMoreThan300Symbols">
    <skipped/>
  </testcase> <!-- LeaveComment_ShouldReturnError_WhenTheCommentTextLength_IsMoreThan300Symbols -->
  <testcase classname="secxndary_framework.test.OzByTest" name="SearchFilter_ShouldShowFilterResults">
    <skipped/>
  </testcase> <!-- SearchFilter_ShouldShowFilterResults -->
  <testcase classname="secxndary_framework.test.OzByTest" name="EnterNumberOfGoods_ShouldReturnError_WhenNumberOfGoods_IsMoreThan99">
    <skipped/>
  </testcase> <!-- EnterNumberOfGoods_ShouldReturnError_WhenNumberOfGoods_IsMoreThan99 -->
</testsuite> <!-- secxndary_framework.test.OzByTest -->
