<?xml version="1.0" encoding="UTF-8"?>
<!-- Generated by org.testng.reporters.JUnitReportReporter -->
<testsuite hostname="DESKTOP-8HNL9IM" failures="1" tests="8" name="secxndary_framework.test.OzByTest" time="16.266" errors="0" timestamp="21 дек. 2022 16:24:37 GMT" skipped="6">
  <testcase classname="secxndary_framework.test.OzByTest" name="EnterNumberOfGoods_ShouldReturnError_WhenNumberOfGoods_IsMoreThan99" time="7.826"/>
  <testcase classname="secxndary_framework.test.OzByTest" name="AddressAdding_ShouldReturnError_WhenAddressIsNonExistent" time="8.440">
    <failure message="expected [false] but found [true]" type="java.lang.AssertionError">
      <![CDATA[java.lang.AssertionError: expected [false] but found [true]
at org.testng.Assert.fail(Assert.java:96)
at org.testng.Assert.failNotEquals(Assert.java:776)
at org.testng.Assert.assertFalse(Assert.java:65)
at org.testng.Assert.assertFalse(Assert.java:75)
at secxndary_framework.test.OzByTest.AddressAdding_ShouldReturnError_WhenAddressIsNonExistent(OzByTest.java:171)
at java.base/jdk.internal.reflect.NativeMethodAccessorImpl.invoke0(Native Method)
at java.base/jdk.internal.reflect.NativeMethodAccessorImpl.invoke(NativeMethodAccessorImpl.java:77)
at java.base/jdk.internal.reflect.DelegatingMethodAccessorImpl.invoke(DelegatingMethodAccessorImpl.java:43)
at java.base/java.lang.reflect.Method.invoke(Method.java:568)
at org.testng.internal.MethodInvocationHelper.invokeMethod(MethodInvocationHelper.java:124)
at org.testng.internal.Invoker.invokeMethod(Invoker.java:583)
at org.testng.internal.Invoker.invokeTestMethod(Invoker.java:719)
at org.testng.internal.Invoker.invokeTestMethods(Invoker.java:989)
at org.testng.internal.TestMethodWorker.invokeTestMethods(TestMethodWorker.java:125)
at org.testng.internal.TestMethodWorker.run(TestMethodWorker.java:109)
at org.testng.TestRunner.privateRun(TestRunner.java:648)
at org.testng.TestRunner.run(TestRunner.java:505)
at org.testng.SuiteRunner.runTest(SuiteRunner.java:455)
at org.testng.SuiteRunner.runSequentially(SuiteRunner.java:450)
at org.testng.SuiteRunner.privateRun(SuiteRunner.java:415)
at org.testng.SuiteRunner.run(SuiteRunner.java:364)
at org.testng.SuiteRunnerWorker.runSuite(SuiteRunnerWorker.java:52)
at org.testng.SuiteRunnerWorker.run(SuiteRunnerWorker.java:84)
at org.testng.TestNG.runSuitesSequentially(TestNG.java:1208)
at org.testng.TestNG.runSuitesLocally(TestNG.java:1137)
at org.testng.TestNG.runSuites(TestNG.java:1049)
at org.testng.TestNG.run(TestNG.java:1017)
at org.apache.maven.surefire.testng.TestNGExecutor.run(TestNGExecutor.java:151)
at org.apache.maven.surefire.testng.TestNGDirectoryTestSuite.executeSingleClass(TestNGDirectoryTestSuite.java:111)
at org.apache.maven.surefire.testng.TestNGDirectoryTestSuite.execute(TestNGDirectoryTestSuite.java:98)
at org.apache.maven.surefire.testng.TestNGProvider.invoke(TestNGProvider.java:155)
at org.apache.maven.surefire.booter.ForkedBooter.runSuitesInProcess(ForkedBooter.java:456)
at org.apache.maven.surefire.booter.ForkedBooter.execute(ForkedBooter.java:169)
at org.apache.maven.surefire.booter.ForkedBooter.run(ForkedBooter.java:595)
at org.apache.maven.surefire.booter.ForkedBooter.main(ForkedBooter.java:581)
]]>
    </failure>
  </testcase> <!-- AddressAdding_ShouldReturnError_WhenAddressIsNonExistent -->
  <testcase classname="secxndary_framework.test.OzByTest" name="OrderCall_ShouldReturnError_WhenUserName_IsLongerThan100Symbols">
    <skipped/>
  </testcase> <!-- OrderCall_ShouldReturnError_WhenUserName_IsLongerThan100Symbols -->
  <testcase classname="secxndary_framework.test.OzByTest" name="TextFeedbackForm_ShouldReturnError_WhenMessage_IsLongerThan100Symbols">
    <skipped/>
  </testcase> <!-- TextFeedbackForm_ShouldReturnError_WhenMessage_IsLongerThan100Symbols -->
  <testcase classname="secxndary_framework.test.OzByTest" name="CourierDelivery_ShouldShowAddressInput">
    <skipped/>
  </testcase> <!-- CourierDelivery_ShouldShowAddressInput -->
  <testcase classname="secxndary_framework.test.OzByTest" name="SearchPage_ShouldShowSearchResults">
    <skipped/>
  </testcase> <!-- SearchPage_ShouldShowSearchResults -->
  <testcase classname="secxndary_framework.test.OzByTest" name="LeaveComment_ShouldReturnError_WhenTheCommentTextLength_IsMoreThan300Symbols">
    <skipped/>
  </testcase> <!-- LeaveComment_ShouldReturnError_WhenTheCommentTextLength_IsMoreThan300Symbols -->
  <testcase classname="secxndary_framework.test.OzByTest" name="SearchFilter_ShouldShowFilterResults">
    <skipped/>
  </testcase> <!-- SearchFilter_ShouldShowFilterResults -->
</testsuite> <!-- secxndary_framework.test.OzByTest -->
